2022-11-17 20:17:47,241 [INFO] Successfully retrieved access token
2022-11-17 20:17:47,247 [INFO] file_cache is only supported with oauth2client<4.0.0
2022-11-17 20:22:37,622 [INFO] Files to be updated/uploaded: dict_keys(['test.png'])...
2022-11-17 20:22:37,625 [INFO] file_cache is only supported with oauth2client<4.0.0
2022-11-17 20:22:38,105 [INFO] test.png file not located in google drive...
2022-11-17 20:22:56,161 [INFO] Files to be updated/uploaded: dict_keys(['test.png'])...
2022-11-17 20:22:56,166 [INFO] file_cache is only supported with oauth2client<4.0.0
2022-11-17 20:22:56,459 [INFO] test.png file not located in google drive...
2022-11-17 20:23:13,873 [INFO] Files to be updated/uploaded: dict_keys(['test.png'])...
2022-11-17 20:23:13,874 [INFO] file_cache is only supported with oauth2client<4.0.0
2022-11-17 20:23:14,157 [INFO] test.png file not located in google drive...
2022-11-17 20:23:14,171 [INFO] Uploading test.png file contents...
2022-11-17 20:23:17,629 [INFO] File successfully uploaded!
2022-11-17 20:24:31,829 [INFO] Files to be updated/uploaded: dict_keys(['test.png'])...
2022-11-17 20:24:31,835 [INFO] file_cache is only supported with oauth2client<4.0.0
2022-11-17 20:24:32,385 [INFO] test.png file located in google drive...
2022-11-17 20:24:32,391 [INFO] Updating test.png file contents...
2022-11-17 20:24:35,667 [INFO] File successfully updated!
2022-11-29 20:37:22,530 [INFO] Successfully retrieved access token
2022-11-29 20:37:22,537 [INFO] file_cache is only supported with oauth2client<4.0.0
2022-11-29 20:37:22,541 [INFO] Files to be updated/uploaded: dict_keys(['test.png'])...
2022-11-29 20:37:22,936 [INFO] test.png file not located in google drive...
2022-11-29 20:37:22,951 [INFO] Uploading test.png file contents...
2022-11-29 20:37:26,136 [INFO] File successfully uploaded!
2022-11-29 20:37:30,094 [INFO] Files to be updated/uploaded: dict_keys(['test.png'])...
2022-11-29 20:37:30,096 [INFO] file_cache is only supported with oauth2client<4.0.0
2022-11-29 20:37:30,515 [INFO] test.png file located in google drive...
2022-11-29 20:37:30,519 [INFO] Updating test.png file contents...
2022-11-29 20:37:33,177 [INFO] File successfully updated!
