2022-11-17 20:17:47,241 [INFO] Successfully retrieved access token
2022-11-17 20:17:47,247 [INFO] file_cache is only supported with oauth2client<4.0.0
2022-11-17 20:22:37,622 [INFO] Files to be updated/uploaded: dict_keys(['test.png'])...
2022-11-17 20:22:37,625 [INFO] file_cache is only supported with oauth2client<4.0.0
2022-11-17 20:22:38,105 [INFO] test.png file not located in google drive...
2022-11-17 20:22:56,161 [INFO] Files to be updated/uploaded: dict_keys(['test.png'])...
2022-11-17 20:22:56,166 [INFO] file_cache is only supported with oauth2client<4.0.0
2022-11-17 20:22:56,459 [INFO] test.png file not located in google drive...
2022-11-17 20:23:13,873 [INFO] Files to be updated/uploaded: dict_keys(['test.png'])...
2022-11-17 20:23:13,874 [INFO] file_cache is only supported with oauth2client<4.0.0
2022-11-17 20:23:14,157 [INFO] test.png file not located in google drive...
2022-11-17 20:23:14,171 [INFO] Uploading test.png file contents...
2022-11-17 20:23:17,629 [INFO] File successfully uploaded!
2022-11-17 20:24:31,829 [INFO] Files to be updated/uploaded: dict_keys(['test.png'])...
2022-11-17 20:24:31,835 [INFO] file_cache is only supported with oauth2client<4.0.0
2022-11-17 20:24:32,385 [INFO] test.png file located in google drive...
2022-11-17 20:24:32,391 [INFO] Updating test.png file contents...
2022-11-17 20:24:35,667 [INFO] File successfully updated!
2022-11-29 20:37:22,530 [INFO] Successfully retrieved access token
2022-11-29 20:37:22,537 [INFO] file_cache is only supported with oauth2client<4.0.0
2022-11-29 20:37:22,541 [INFO] Files to be updated/uploaded: dict_keys(['test.png'])...
2022-11-29 20:37:22,936 [INFO] test.png file not located in google drive...
2022-11-29 20:37:22,951 [INFO] Uploading test.png file contents...
2022-11-29 20:37:26,136 [INFO] File successfully uploaded!
2022-11-29 20:37:30,094 [INFO] Files to be updated/uploaded: dict_keys(['test.png'])...
2022-11-29 20:37:30,096 [INFO] file_cache is only supported with oauth2client<4.0.0
2022-11-29 20:37:30,515 [INFO] test.png file located in google drive...
2022-11-29 20:37:30,519 [INFO] Updating test.png file contents...
2022-11-29 20:37:33,177 [INFO] File successfully updated!
2022-12-02 15:49:40,720 [INFO] access_token is expired. Now: 2022-12-02 23:49:40.720265, token_expiry: 2022-12-02 05:50:18
2022-12-02 15:49:40,720 [INFO] Refreshing access_token
2022-12-02 15:49:40,918 [INFO] Files to be updated/uploaded: dict_keys(['test.png'])...
2022-12-02 15:49:40,922 [INFO] file_cache is only supported with oauth2client<4.0.0
2022-12-02 15:49:41,357 [INFO] test.png file located in google drive...
2022-12-02 15:49:41,365 [INFO] Updating test.png file contents...
2022-12-02 15:49:44,409 [INFO] File successfully updated!
2022-12-02 16:26:11,725 [INFO] Files to be updated/uploaded: dict_keys(['test.png'])...
2022-12-02 16:26:11,730 [INFO] file_cache is only supported with oauth2client<4.0.0
2022-12-02 16:26:12,244 [INFO] test.png file located in google drive...
2022-12-02 16:31:28,587 [INFO] Files to be updated/uploaded: dict_keys(['test.png'])...
2022-12-02 16:31:28,591 [INFO] file_cache is only supported with oauth2client<4.0.0
2022-12-02 16:31:29,006 [INFO] test.png file located in google drive...
2022-12-02 16:31:29,013 [INFO] Updating test.png file contents...
2022-12-02 16:31:32,095 [INFO] File successfully updated!
2022-12-02 16:32:15,216 [INFO] Files to be updated/uploaded: dict_keys(['test.png'])...
2022-12-02 16:32:15,221 [INFO] file_cache is only supported with oauth2client<4.0.0
2022-12-02 16:32:15,736 [INFO] test.png file located in google drive...
2022-12-02 16:32:15,751 [INFO] Updating test.png file contents...
2022-12-02 16:32:18,881 [INFO] File successfully updated!
2022-12-02 17:05:56,791 [INFO] Files to be updated/uploaded: dict_keys(['test.png'])...
2022-12-02 17:07:59,131 [INFO] Files to be updated/uploaded: dict_keys(['test.png'])...
2022-12-02 17:08:51,931 [INFO] Files to be updated/uploaded: dict_keys(['test.png'])...
2022-12-02 17:10:13,919 [INFO] Files to be updated/uploaded: dict_keys(['test.png'])...
2022-12-02 17:11:01,176 [INFO] Files to be updated/uploaded: dict_keys(['test.png'])...
2022-12-02 17:12:36,910 [INFO] Files to be updated/uploaded: dict_keys(['test.png'])...
2022-12-02 17:13:04,612 [INFO] Successfully retrieved access token
2022-12-02 17:13:04,630 [INFO] file_cache is only supported with oauth2client<4.0.0
2022-12-02 17:13:04,634 [INFO] Files to be updated/uploaded: dict_keys(['test.png'])...
2022-12-02 17:13:05,197 [INFO] test.png file located in google drive...
2022-12-02 17:13:05,208 [INFO] Updating test.png file contents...
2022-12-02 17:13:09,091 [INFO] File successfully updated!
